<?xml version="1.0" encoding="UTF-8"?>
<testsuite xmlns:xsi="http://www.w3.org/2001/XMLSchema-instance" xsi:noNamespaceSchemaLocation="https://maven.apache.org/surefire/maven-surefire-plugin/xsd/surefire-test-report-3.0.xsd" version="3.0" name="org.coding.challenge.utilities.CleanUpIdTest" time="0.033" tests="3" errors="0" skipped="0" failures="0">
  <properties>
[...]
</properties>
  <testcase name="cleanId_characterOnly" classname="org.coding.challenge.utilities.CleanUpIdTest" time="0.005"/>
  <testcase name="cleanId_character_and_number" classname="org.coding.challenge.utilities.CleanUpIdTest" time="0.012"/>
  <testcase name="cleanId_numberOnly" classname="org.coding.challenge.utilities.CleanUpIdTest" time="0.005"/>
</testsuite>